The target system is: ArduinoMega -  - avr
The host system is: Linux - 4.4.0-161-generic - x86_64
Compiling the C compiler identification source file "CMakeCCompilerId.c" succeeded.
Compiler: /opt/arduino-1.8.9/hardware/tools/avr/bin/avr-gcc 
Build flags: -mmcu=atmega2560;;-Wall;-g;-Os;-MMD;-ffunction-sections;-fdata-sections;-DF_CPU=16000000;-DARDUINO=10805;-std=c99;-pedantic;-Werror-implicit-function-declaration;-Wstrict-prototypes
Id flags:  

The output was:
0


Compilation of the C compiler identification source "CMakeCCompilerId.c" produced "CMakeCCompilerId.d"

Compilation of the C compiler identification source "CMakeCCompilerId.c" produced "a.out"

The C compiler identification is GNU, found in "/home/vagrant/src/sterling/HopesAndDreams/CMakeFiles/3.15.3/CompilerIdC/a.out"

Compiling the CXX compiler identification source file "CMakeCXXCompilerId.cpp" succeeded.
Compiler: /opt/arduino-1.8.9/hardware/tools/avr/bin/avr-g++ 
Build flags: -mmcu=atmega2560;;-Wall;-g;-Os;-MMD;-ffunction-sections;-fdata-sections;-DF_CPU=16000000;-DARDUINO=10805;-std=gnu++11;-fno-exceptions;-fpermissive;-fno-rtti;-felide-constructors;-Wno-error=narrowing
Id flags:  

The output was:
0


Compilation of the CXX compiler identification source "CMakeCXXCompilerId.cpp" produced "CMakeCXXCompilerId.d"

Compilation of the CXX compiler identification source "CMakeCXXCompilerId.cpp" produced "a.out"

The CXX compiler identification is GNU, found in "/home/vagrant/src/sterling/HopesAndDreams/CMakeFiles/3.15.3/CompilerIdCXX/a.out"

Checking whether the ASM compiler is GNU using "--version" matched "(GNU assembler)|(GCC)|(Free Software Foundation)":
avr-g++ (GCC) 5.4.0
Copyright (C) 2015 Free Software Foundation, Inc.
This is free software; see the source for copying conditions.  There is NO
warranty; not even for MERCHANTABILITY or FITNESS FOR A PARTICULAR PURPOSE.

Detecting C compiler ABI info compiled with the following output:
Change Dir: /home/vagrant/src/sterling/HopesAndDreams/CMakeFiles/CMakeTmp

Run Build Command(s):/usr/bin/make cmTC_ed6a5/fast && /usr/bin/make -f CMakeFiles/cmTC_ed6a5.dir/build.make CMakeFiles/cmTC_ed6a5.dir/build
make[1]: Entering directory '/home/vagrant/src/sterling/HopesAndDreams/CMakeFiles/CMakeTmp'
Building C object CMakeFiles/cmTC_ed6a5.dir/CMakeCCompilerABI.c.obj
/opt/arduino-1.8.9/hardware/tools/avr/bin/avr-gcc   -c /usr/share/cmake-3.15/Modules/CMakeCCompilerABI.c -o CMakeFiles/cmTC_ed6a5.dir/CMakeCCompilerABI.c.obj -mmcu=atmega2560  -Wall -g -Os -MMD -ffunction-sections -fdata-sections -DF_CPU=16000000 -DARDUINO=10805 -std=c99 -pedantic -Werror-implicit-function-declaration -Wstrict-prototypes    -v 
Using built-in specs.
Reading specs from /opt/arduino-1.8.9/hardware/tools/avr/bin/../lib/gcc/avr/5.4.0/device-specs/specs-atmega2560
COLLECT_GCC=/opt/arduino-1.8.9/hardware/tools/avr/bin/avr-gcc
Target: avr
Configured with: ../gcc/configure --enable-fixed-point --enable-languages=c,c++ --prefix=/home/jenkins/workspace/avr-gcc-staging/label/debian7-x86_64/objdir --disable-nls --disable-libssp --disable-libada --disable-shared --with-avrlibc=yes --with-dwarf2 --disable-doc --target=avr
Thread model: single
gcc version 5.4.0 (GCC) 
COLLECT_GCC_OPTIONS='-c' '-o' 'CMakeFiles/cmTC_ed6a5.dir/CMakeCCompilerABI.c.obj'  '-Wall' '-g' '-Os' '-MMD' '-ffunction-sections' '-fdata-sections' '-D' 'F_CPU=16000000' '-D' 'ARDUINO=10805' '-std=c99' '-Wpedantic' '-Werror=implicit-function-declaration' '-Wstrict-prototypes' '-v' '-specs=device-specs/specs-atmega2560' '-mmcu=avr6'
 /opt/arduino-1.8.9/hardware/tools/avr/bin/../libexec/gcc/avr/5.4.0/cc1 -quiet -v -imultilib avr6 -iprefix /opt/arduino-1.8.9/hardware/tools/avr/bin/../lib/gcc/avr/5.4.0/ -MMD CMakeFiles/cmTC_ed6a5.dir/CMakeCCompilerABI.c.d -MQ CMakeFiles/cmTC_ed6a5.dir/CMakeCCompilerABI.c.obj -D__AVR_ATmega2560__ -D__AVR_DEVICE_NAME__=atmega2560 -D F_CPU=16000000 -D ARDUINO=10805 /usr/share/cmake-3.15/Modules/CMakeCCompilerABI.c -mn-flash=4 -mno-skip-bug -quiet -dumpbase CMakeCCompilerABI.c -mmcu=avr6 -auxbase-strip CMakeFiles/cmTC_ed6a5.dir/CMakeCCompilerABI.c.obj -g -Os -Wall -Wpedantic -Werror=implicit-function-declaration -Wstrict-prototypes -std=c99 -version -ffunction-sections -fdata-sections -o /tmp/ccLT1fZQ.s
GNU C99 (GCC) version 5.4.0 (avr)
	compiled by GNU C version 4.7.2, GMP version 5.0.2, MPFR version 3.0.0, MPC version 0.9
GGC heuristics: --param ggc-min-expand=100 --param ggc-min-heapsize=131072
ignoring nonexistent directory "/opt/arduino-1.8.9/hardware/tools/avr/bin/../lib/gcc/avr/5.4.0/../../../../avr/sys-include"
ignoring duplicate directory "/opt/arduino-1.8.9/hardware/tools/avr/bin/../lib/gcc/../../lib/gcc/avr/5.4.0/include"
ignoring duplicate directory "/opt/arduino-1.8.9/hardware/tools/avr/bin/../lib/gcc/../../lib/gcc/avr/5.4.0/include-fixed"
ignoring nonexistent directory "/opt/arduino-1.8.9/hardware/tools/avr/bin/../lib/gcc/../../lib/gcc/avr/5.4.0/../../../../avr/sys-include"
ignoring duplicate directory "/opt/arduino-1.8.9/hardware/tools/avr/bin/../lib/gcc/../../lib/gcc/avr/5.4.0/../../../../avr/include"
#include "..." search starts here:
#include <...> search starts here:
 /opt/arduino-1.8.9/hardware/tools/avr/bin/../lib/gcc/avr/5.4.0/include
 /opt/arduino-1.8.9/hardware/tools/avr/bin/../lib/gcc/avr/5.4.0/include-fixed
 /opt/arduino-1.8.9/hardware/tools/avr/bin/../lib/gcc/avr/5.4.0/../../../../avr/include
End of search list.
GNU C99 (GCC) version 5.4.0 (avr)
	compiled by GNU C version 4.7.2, GMP version 5.0.2, MPFR version 3.0.0, MPC version 0.9
GGC heuristics: --param ggc-min-expand=100 --param ggc-min-heapsize=131072
Compiler executable checksum: f5d8cea1c47b4bee125131f132d8a042
COLLECT_GCC_OPTIONS='-c' '-o' 'CMakeFiles/cmTC_ed6a5.dir/CMakeCCompilerABI.c.obj'  '-Wall' '-g' '-Os' '-MMD' '-ffunction-sections' '-fdata-sections' '-D' 'F_CPU=16000000' '-D' 'ARDUINO=10805' '-std=c99' '-Wpedantic' '-Werror=implicit-function-declaration' '-Wstrict-prototypes' '-v' '-specs=device-specs/specs-atmega2560' '-mmcu=avr6'
 /opt/arduino-1.8.9/hardware/tools/avr/bin/../lib/gcc/avr/5.4.0/../../../../avr/bin/as -mmcu=avr6 -mno-skip-bug -o CMakeFiles/cmTC_ed6a5.dir/CMakeCCompilerABI.c.obj /tmp/ccLT1fZQ.s
COMPILER_PATH=/opt/arduino-1.8.9/hardware/tools/avr/bin/../libexec/gcc/avr/5.4.0/:/opt/arduino-1.8.9/hardware/tools/avr/bin/../libexec/gcc/:/opt/arduino-1.8.9/hardware/tools/avr/bin/../lib/gcc/avr/5.4.0/../../../../avr/bin/
LIBRARY_PATH=/opt/arduino-1.8.9/hardware/tools/avr/bin/../lib/gcc/avr/5.4.0/avr6/:/opt/arduino-1.8.9/hardware/tools/avr/bin/../lib/gcc/avr/5.4.0/../../../../avr/lib/avr6/:/opt/arduino-1.8.9/hardware/tools/avr/bin/../lib/gcc/avr/5.4.0/:/opt/arduino-1.8.9/hardware/tools/avr/bin/../lib/gcc/:/opt/arduino-1.8.9/hardware/tools/avr/bin/../lib/gcc/avr/5.4.0/../../../../avr/lib/
COLLECT_GCC_OPTIONS='-c' '-o' 'CMakeFiles/cmTC_ed6a5.dir/CMakeCCompilerABI.c.obj'  '-Wall' '-g' '-Os' '-MMD' '-ffunction-sections' '-fdata-sections' '-D' 'F_CPU=16000000' '-D' 'ARDUINO=10805' '-std=c99' '-Wpedantic' '-Werror=implicit-function-declaration' '-Wstrict-prototypes' '-v' '-specs=device-specs/specs-atmega2560' '-mmcu=avr6'
Linking C static library libcmTC_ed6a5.a
/usr/bin/cmake -P CMakeFiles/cmTC_ed6a5.dir/cmake_clean_target.cmake
/usr/bin/cmake -E cmake_link_script CMakeFiles/cmTC_ed6a5.dir/link.txt --verbose=1
/opt/arduino-1.8.9/hardware/tools/avr/bin/avr-gcc-ar qc libcmTC_ed6a5.a  CMakeFiles/cmTC_ed6a5.dir/CMakeCCompilerABI.c.obj
/opt/arduino-1.8.9/hardware/tools/avr/bin/avr-gcc-ranlib libcmTC_ed6a5.a
make[1]: Leaving directory '/home/vagrant/src/sterling/HopesAndDreams/CMakeFiles/CMakeTmp'



Parsed C implicit include dir info from above output: rv=done
  found start of include info
  found start of implicit include info
    add: [/opt/arduino-1.8.9/hardware/tools/avr/bin/../lib/gcc/avr/5.4.0/include]
    add: [/opt/arduino-1.8.9/hardware/tools/avr/bin/../lib/gcc/avr/5.4.0/include-fixed]
    add: [/opt/arduino-1.8.9/hardware/tools/avr/bin/../lib/gcc/avr/5.4.0/../../../../avr/include]
  end of search list found
  collapse include dir [/opt/arduino-1.8.9/hardware/tools/avr/bin/../lib/gcc/avr/5.4.0/include] ==> [/opt/arduino-1.8.9/hardware/tools/avr/lib/gcc/avr/5.4.0/include]
  collapse include dir [/opt/arduino-1.8.9/hardware/tools/avr/bin/../lib/gcc/avr/5.4.0/include-fixed] ==> [/opt/arduino-1.8.9/hardware/tools/avr/lib/gcc/avr/5.4.0/include-fixed]
  collapse include dir [/opt/arduino-1.8.9/hardware/tools/avr/bin/../lib/gcc/avr/5.4.0/../../../../avr/include] ==> [/opt/arduino-1.8.9/hardware/tools/avr/avr/include]
  implicit include dirs: [/opt/arduino-1.8.9/hardware/tools/avr/lib/gcc/avr/5.4.0/include;/opt/arduino-1.8.9/hardware/tools/avr/lib/gcc/avr/5.4.0/include-fixed;/opt/arduino-1.8.9/hardware/tools/avr/avr/include]


Parsed C implicit link information from above output:
  link line regex: [^( *|.*[/\])(avr-ld|CMAKE_LINK_STARTFILE-NOTFOUND|([^/\]+-)?ld|collect2)[^/\]*( |$)]
  ignore line: [Change Dir: /home/vagrant/src/sterling/HopesAndDreams/CMakeFiles/CMakeTmp]
  ignore line: []
  ignore line: [Run Build Command(s):/usr/bin/make cmTC_ed6a5/fast && /usr/bin/make -f CMakeFiles/cmTC_ed6a5.dir/build.make CMakeFiles/cmTC_ed6a5.dir/build]
  ignore line: [make[1]: Entering directory '/home/vagrant/src/sterling/HopesAndDreams/CMakeFiles/CMakeTmp']
  ignore line: [Building C object CMakeFiles/cmTC_ed6a5.dir/CMakeCCompilerABI.c.obj]
  ignore line: [/opt/arduino-1.8.9/hardware/tools/avr/bin/avr-gcc   -c /usr/share/cmake-3.15/Modules/CMakeCCompilerABI.c -o CMakeFiles/cmTC_ed6a5.dir/CMakeCCompilerABI.c.obj -mmcu=atmega2560  -Wall -g -Os -MMD -ffunction-sections -fdata-sections -DF_CPU=16000000 -DARDUINO=10805 -std=c99 -pedantic -Werror-implicit-function-declaration -Wstrict-prototypes    -v ]
  ignore line: [Using built-in specs.]
  ignore line: [Reading specs from /opt/arduino-1.8.9/hardware/tools/avr/bin/../lib/gcc/avr/5.4.0/device-specs/specs-atmega2560]
  ignore line: [COLLECT_GCC=/opt/arduino-1.8.9/hardware/tools/avr/bin/avr-gcc]
  ignore line: [Target: avr]
  ignore line: [Configured with: ../gcc/configure --enable-fixed-point --enable-languages=c,c++ --prefix=/home/jenkins/workspace/avr-gcc-staging/label/debian7-x86_64/objdir --disable-nls --disable-libssp --disable-libada --disable-shared --with-avrlibc=yes --with-dwarf2 --disable-doc --target=avr]
  ignore line: [Thread model: single]
  ignore line: [gcc version 5.4.0 (GCC) ]
  ignore line: [COLLECT_GCC_OPTIONS='-c' '-o' 'CMakeFiles/cmTC_ed6a5.dir/CMakeCCompilerABI.c.obj'  '-Wall' '-g' '-Os' '-MMD' '-ffunction-sections' '-fdata-sections' '-D' 'F_CPU=16000000' '-D' 'ARDUINO=10805' '-std=c99' '-Wpedantic' '-Werror=implicit-function-declaration' '-Wstrict-prototypes' '-v' '-specs=device-specs/specs-atmega2560' '-mmcu=avr6']
  ignore line: [ /opt/arduino-1.8.9/hardware/tools/avr/bin/../libexec/gcc/avr/5.4.0/cc1 -quiet -v -imultilib avr6 -iprefix /opt/arduino-1.8.9/hardware/tools/avr/bin/../lib/gcc/avr/5.4.0/ -MMD CMakeFiles/cmTC_ed6a5.dir/CMakeCCompilerABI.c.d -MQ CMakeFiles/cmTC_ed6a5.dir/CMakeCCompilerABI.c.obj -D__AVR_ATmega2560__ -D__AVR_DEVICE_NAME__=atmega2560 -D F_CPU=16000000 -D ARDUINO=10805 /usr/share/cmake-3.15/Modules/CMakeCCompilerABI.c -mn-flash=4 -mno-skip-bug -quiet -dumpbase CMakeCCompilerABI.c -mmcu=avr6 -auxbase-strip CMakeFiles/cmTC_ed6a5.dir/CMakeCCompilerABI.c.obj -g -Os -Wall -Wpedantic -Werror=implicit-function-declaration -Wstrict-prototypes -std=c99 -version -ffunction-sections -fdata-sections -o /tmp/ccLT1fZQ.s]
  ignore line: [GNU C99 (GCC) version 5.4.0 (avr)]
  ignore line: [	compiled by GNU C version 4.7.2, GMP version 5.0.2, MPFR version 3.0.0, MPC version 0.9]
  ignore line: [GGC heuristics: --param ggc-min-expand=100 --param ggc-min-heapsize=131072]
  ignore line: [ignoring nonexistent directory "/opt/arduino-1.8.9/hardware/tools/avr/bin/../lib/gcc/avr/5.4.0/../../../../avr/sys-include"]
  ignore line: [ignoring duplicate directory "/opt/arduino-1.8.9/hardware/tools/avr/bin/../lib/gcc/../../lib/gcc/avr/5.4.0/include"]
  ignore line: [ignoring duplicate directory "/opt/arduino-1.8.9/hardware/tools/avr/bin/../lib/gcc/../../lib/gcc/avr/5.4.0/include-fixed"]
  ignore line: [ignoring nonexistent directory "/opt/arduino-1.8.9/hardware/tools/avr/bin/../lib/gcc/../../lib/gcc/avr/5.4.0/../../../../avr/sys-include"]
  ignore line: [ignoring duplicate directory "/opt/arduino-1.8.9/hardware/tools/avr/bin/../lib/gcc/../../lib/gcc/avr/5.4.0/../../../../avr/include"]
  ignore line: [#include "..." search starts here:]
  ignore line: [#include <...> search starts here:]
  ignore line: [ /opt/arduino-1.8.9/hardware/tools/avr/bin/../lib/gcc/avr/5.4.0/include]
  ignore line: [ /opt/arduino-1.8.9/hardware/tools/avr/bin/../lib/gcc/avr/5.4.0/include-fixed]
  ignore line: [ /opt/arduino-1.8.9/hardware/tools/avr/bin/../lib/gcc/avr/5.4.0/../../../../avr/include]
  ignore line: [End of search list.]
  ignore line: [GNU C99 (GCC) version 5.4.0 (avr)]
  ignore line: [	compiled by GNU C version 4.7.2, GMP version 5.0.2, MPFR version 3.0.0, MPC version 0.9]
  ignore line: [GGC heuristics: --param ggc-min-expand=100 --param ggc-min-heapsize=131072]
  ignore line: [Compiler executable checksum: f5d8cea1c47b4bee125131f132d8a042]
  ignore line: [COLLECT_GCC_OPTIONS='-c' '-o' 'CMakeFiles/cmTC_ed6a5.dir/CMakeCCompilerABI.c.obj'  '-Wall' '-g' '-Os' '-MMD' '-ffunction-sections' '-fdata-sections' '-D' 'F_CPU=16000000' '-D' 'ARDUINO=10805' '-std=c99' '-Wpedantic' '-Werror=implicit-function-declaration' '-Wstrict-prototypes' '-v' '-specs=device-specs/specs-atmega2560' '-mmcu=avr6']
  ignore line: [ /opt/arduino-1.8.9/hardware/tools/avr/bin/../lib/gcc/avr/5.4.0/../../../../avr/bin/as -mmcu=avr6 -mno-skip-bug -o CMakeFiles/cmTC_ed6a5.dir/CMakeCCompilerABI.c.obj /tmp/ccLT1fZQ.s]
  ignore line: [COMPILER_PATH=/opt/arduino-1.8.9/hardware/tools/avr/bin/../libexec/gcc/avr/5.4.0/:/opt/arduino-1.8.9/hardware/tools/avr/bin/../libexec/gcc/:/opt/arduino-1.8.9/hardware/tools/avr/bin/../lib/gcc/avr/5.4.0/../../../../avr/bin/]
  ignore line: [LIBRARY_PATH=/opt/arduino-1.8.9/hardware/tools/avr/bin/../lib/gcc/avr/5.4.0/avr6/:/opt/arduino-1.8.9/hardware/tools/avr/bin/../lib/gcc/avr/5.4.0/../../../../avr/lib/avr6/:/opt/arduino-1.8.9/hardware/tools/avr/bin/../lib/gcc/avr/5.4.0/:/opt/arduino-1.8.9/hardware/tools/avr/bin/../lib/gcc/:/opt/arduino-1.8.9/hardware/tools/avr/bin/../lib/gcc/avr/5.4.0/../../../../avr/lib/]
  ignore line: [COLLECT_GCC_OPTIONS='-c' '-o' 'CMakeFiles/cmTC_ed6a5.dir/CMakeCCompilerABI.c.obj'  '-Wall' '-g' '-Os' '-MMD' '-ffunction-sections' '-fdata-sections' '-D' 'F_CPU=16000000' '-D' 'ARDUINO=10805' '-std=c99' '-Wpedantic' '-Werror=implicit-function-declaration' '-Wstrict-prototypes' '-v' '-specs=device-specs/specs-atmega2560' '-mmcu=avr6']
  ignore line: [Linking C static library libcmTC_ed6a5.a]
  ignore line: [/usr/bin/cmake -P CMakeFiles/cmTC_ed6a5.dir/cmake_clean_target.cmake]
  ignore line: [/usr/bin/cmake -E cmake_link_script CMakeFiles/cmTC_ed6a5.dir/link.txt --verbose=1]
  ignore line: [/opt/arduino-1.8.9/hardware/tools/avr/bin/avr-gcc-ar qc libcmTC_ed6a5.a  CMakeFiles/cmTC_ed6a5.dir/CMakeCCompilerABI.c.obj]
  ignore line: [/opt/arduino-1.8.9/hardware/tools/avr/bin/avr-gcc-ranlib libcmTC_ed6a5.a]
  ignore line: [make[1]: Leaving directory '/home/vagrant/src/sterling/HopesAndDreams/CMakeFiles/CMakeTmp']
  ignore line: []
  ignore line: []
  implicit libs: []
  implicit dirs: []
  implicit fwks: []


Detecting CXX compiler ABI info compiled with the following output:
Change Dir: /home/vagrant/src/sterling/HopesAndDreams/CMakeFiles/CMakeTmp

Run Build Command(s):/usr/bin/make cmTC_cf6f1/fast && /usr/bin/make -f CMakeFiles/cmTC_cf6f1.dir/build.make CMakeFiles/cmTC_cf6f1.dir/build
make[1]: Entering directory '/home/vagrant/src/sterling/HopesAndDreams/CMakeFiles/CMakeTmp'
Building CXX object CMakeFiles/cmTC_cf6f1.dir/CMakeCXXCompilerABI.cpp.obj
/opt/arduino-1.8.9/hardware/tools/avr/bin/avr-g++ -c /usr/share/cmake-3.15/Modules/CMakeCXXCompilerABI.cpp -o CMakeFiles/cmTC_cf6f1.dir/CMakeCXXCompilerABI.cpp.obj -mmcu=atmega2560  -Wall -g -Os -MMD -ffunction-sections -fdata-sections -DF_CPU=16000000 -DARDUINO=10805 -std=gnu++11 -fno-exceptions -fpermissive -fno-rtti -felide-constructors -Wno-error=narrowing    -v 
Using built-in specs.
Reading specs from /opt/arduino-1.8.9/hardware/tools/avr/bin/../lib/gcc/avr/5.4.0/device-specs/specs-atmega2560
COLLECT_GCC=/opt/arduino-1.8.9/hardware/tools/avr/bin/avr-g++
Target: avr
Configured with: ../gcc/configure --enable-fixed-point --enable-languages=c,c++ --prefix=/home/jenkins/workspace/avr-gcc-staging/label/debian7-x86_64/objdir --disable-nls --disable-libssp --disable-libada --disable-shared --with-avrlibc=yes --with-dwarf2 --disable-doc --target=avr
Thread model: single
gcc version 5.4.0 (GCC) 
COLLECT_GCC_OPTIONS='-c' '-o' 'CMakeFiles/cmTC_cf6f1.dir/CMakeCXXCompilerABI.cpp.obj'  '-Wall' '-g' '-Os' '-MMD' '-ffunction-sections' '-fdata-sections' '-D' 'F_CPU=16000000' '-D' 'ARDUINO=10805' '-std=gnu++11' '-fno-exceptions' '-fpermissive' '-fno-rtti' '-felide-constructors' '-Wno-error=narrowing' '-v' '-specs=device-specs/specs-atmega2560' '-mmcu=avr6'
 /opt/arduino-1.8.9/hardware/tools/avr/bin/../libexec/gcc/avr/5.4.0/cc1plus -quiet -v -imultilib avr6 -iprefix /opt/arduino-1.8.9/hardware/tools/avr/bin/../lib/gcc/avr/5.4.0/ -MMD CMakeFiles/cmTC_cf6f1.dir/CMakeCXXCompilerABI.cpp.d -MQ CMakeFiles/cmTC_cf6f1.dir/CMakeCXXCompilerABI.cpp.obj -D__AVR_ATmega2560__ -D__AVR_DEVICE_NAME__=atmega2560 -D F_CPU=16000000 -D ARDUINO=10805 /usr/share/cmake-3.15/Modules/CMakeCXXCompilerABI.cpp -mn-flash=4 -mno-skip-bug -quiet -dumpbase CMakeCXXCompilerABI.cpp -mmcu=avr6 -auxbase-strip CMakeFiles/cmTC_cf6f1.dir/CMakeCXXCompilerABI.cpp.obj -g -Os -Wall -Wno-error=narrowing -std=gnu++11 -version -ffunction-sections -fdata-sections -fno-exceptions -fpermissive -fno-rtti -felide-constructors -mn-flash=4 -mno-skip-bug -fno-rtti -fno-enforce-eh-specs -fno-exceptions -o /tmp/ccuH4r72.s
GNU C++11 (GCC) version 5.4.0 (avr)
	compiled by GNU C version 4.7.2, GMP version 5.0.2, MPFR version 3.0.0, MPC version 0.9
GGC heuristics: --param ggc-min-expand=100 --param ggc-min-heapsize=131072
ignoring nonexistent directory "/opt/arduino-1.8.9/hardware/tools/avr/bin/../lib/gcc/avr/5.4.0/../../../../avr/include/c++/5.4.0"
ignoring nonexistent directory "/opt/arduino-1.8.9/hardware/tools/avr/bin/../lib/gcc/avr/5.4.0/../../../../avr/include/c++/5.4.0/avr/avr6"
ignoring nonexistent directory "/opt/arduino-1.8.9/hardware/tools/avr/bin/../lib/gcc/avr/5.4.0/../../../../avr/include/c++/5.4.0/backward"
ignoring nonexistent directory "/opt/arduino-1.8.9/hardware/tools/avr/bin/../lib/gcc/avr/5.4.0/../../../../avr/sys-include"
ignoring nonexistent directory "/opt/arduino-1.8.9/hardware/tools/avr/bin/../lib/gcc/../../lib/gcc/avr/5.4.0/../../../../avr/include/c++/5.4.0"
ignoring nonexistent directory "/opt/arduino-1.8.9/hardware/tools/avr/bin/../lib/gcc/../../lib/gcc/avr/5.4.0/../../../../avr/include/c++/5.4.0/avr/avr6"
ignoring nonexistent directory "/opt/arduino-1.8.9/hardware/tools/avr/bin/../lib/gcc/../../lib/gcc/avr/5.4.0/../../../../avr/include/c++/5.4.0/backward"
ignoring duplicate directory "/opt/arduino-1.8.9/hardware/tools/avr/bin/../lib/gcc/../../lib/gcc/avr/5.4.0/include"
ignoring duplicate directory "/opt/arduino-1.8.9/hardware/tools/avr/bin/../lib/gcc/../../lib/gcc/avr/5.4.0/include-fixed"
ignoring nonexistent directory "/opt/arduino-1.8.9/hardware/tools/avr/bin/../lib/gcc/../../lib/gcc/avr/5.4.0/../../../../avr/sys-include"
ignoring duplicate directory "/opt/arduino-1.8.9/hardware/tools/avr/bin/../lib/gcc/../../lib/gcc/avr/5.4.0/../../../../avr/include"
#include "..." search starts here:
#include <...> search starts here:
 /opt/arduino-1.8.9/hardware/tools/avr/bin/../lib/gcc/avr/5.4.0/include
 /opt/arduino-1.8.9/hardware/tools/avr/bin/../lib/gcc/avr/5.4.0/include-fixed
 /opt/arduino-1.8.9/hardware/tools/avr/bin/../lib/gcc/avr/5.4.0/../../../../avr/include
End of search list.
GNU C++11 (GCC) version 5.4.0 (avr)
	compiled by GNU C version 4.7.2, GMP version 5.0.2, MPFR version 3.0.0, MPC version 0.9
GGC heuristics: --param ggc-min-expand=100 --param ggc-min-heapsize=131072
Compiler executable checksum: 2807235df8e4e1c1f4596ebd9fe8926b
COLLECT_GCC_OPTIONS='-c' '-o' 'CMakeFiles/cmTC_cf6f1.dir/CMakeCXXCompilerABI.cpp.obj'  '-Wall' '-g' '-Os' '-MMD' '-ffunction-sections' '-fdata-sections' '-D' 'F_CPU=16000000' '-D' 'ARDUINO=10805' '-std=gnu++11' '-fno-exceptions' '-fpermissive' '-fno-rtti' '-felide-constructors' '-Wno-error=narrowing' '-v' '-specs=device-specs/specs-atmega2560' '-mmcu=avr6'
 /opt/arduino-1.8.9/hardware/tools/avr/bin/../lib/gcc/avr/5.4.0/../../../../avr/bin/as -mmcu=avr6 -mno-skip-bug -o CMakeFiles/cmTC_cf6f1.dir/CMakeCXXCompilerABI.cpp.obj /tmp/ccuH4r72.s
COMPILER_PATH=/opt/arduino-1.8.9/hardware/tools/avr/bin/../libexec/gcc/avr/5.4.0/:/opt/arduino-1.8.9/hardware/tools/avr/bin/../libexec/gcc/:/opt/arduino-1.8.9/hardware/tools/avr/bin/../lib/gcc/avr/5.4.0/../../../../avr/bin/
LIBRARY_PATH=/opt/arduino-1.8.9/hardware/tools/avr/bin/../lib/gcc/avr/5.4.0/avr6/:/opt/arduino-1.8.9/hardware/tools/avr/bin/../lib/gcc/avr/5.4.0/../../../../avr/lib/avr6/:/opt/arduino-1.8.9/hardware/tools/avr/bin/../lib/gcc/avr/5.4.0/:/opt/arduino-1.8.9/hardware/tools/avr/bin/../lib/gcc/:/opt/arduino-1.8.9/hardware/tools/avr/bin/../lib/gcc/avr/5.4.0/../../../../avr/lib/
COLLECT_GCC_OPTIONS='-c' '-o' 'CMakeFiles/cmTC_cf6f1.dir/CMakeCXXCompilerABI.cpp.obj'  '-Wall' '-g' '-Os' '-MMD' '-ffunction-sections' '-fdata-sections' '-D' 'F_CPU=16000000' '-D' 'ARDUINO=10805' '-std=gnu++11' '-fno-exceptions' '-fpermissive' '-fno-rtti' '-felide-constructors' '-Wno-error=narrowing' '-v' '-specs=device-specs/specs-atmega2560' '-mmcu=avr6'
Linking CXX static library libcmTC_cf6f1.a
/usr/bin/cmake -P CMakeFiles/cmTC_cf6f1.dir/cmake_clean_target.cmake
/usr/bin/cmake -E cmake_link_script CMakeFiles/cmTC_cf6f1.dir/link.txt --verbose=1
/opt/arduino-1.8.9/hardware/tools/avr/bin/avr-gcc-ar qc libcmTC_cf6f1.a  CMakeFiles/cmTC_cf6f1.dir/CMakeCXXCompilerABI.cpp.obj
/opt/arduino-1.8.9/hardware/tools/avr/bin/avr-gcc-ranlib libcmTC_cf6f1.a
make[1]: Leaving directory '/home/vagrant/src/sterling/HopesAndDreams/CMakeFiles/CMakeTmp'



Parsed CXX implicit include dir info from above output: rv=done
  found start of include info
  found start of implicit include info
    add: [/opt/arduino-1.8.9/hardware/tools/avr/bin/../lib/gcc/avr/5.4.0/include]
    add: [/opt/arduino-1.8.9/hardware/tools/avr/bin/../lib/gcc/avr/5.4.0/include-fixed]
    add: [/opt/arduino-1.8.9/hardware/tools/avr/bin/../lib/gcc/avr/5.4.0/../../../../avr/include]
  end of search list found
  collapse include dir [/opt/arduino-1.8.9/hardware/tools/avr/bin/../lib/gcc/avr/5.4.0/include] ==> [/opt/arduino-1.8.9/hardware/tools/avr/lib/gcc/avr/5.4.0/include]
  collapse include dir [/opt/arduino-1.8.9/hardware/tools/avr/bin/../lib/gcc/avr/5.4.0/include-fixed] ==> [/opt/arduino-1.8.9/hardware/tools/avr/lib/gcc/avr/5.4.0/include-fixed]
  collapse include dir [/opt/arduino-1.8.9/hardware/tools/avr/bin/../lib/gcc/avr/5.4.0/../../../../avr/include] ==> [/opt/arduino-1.8.9/hardware/tools/avr/avr/include]
  implicit include dirs: [/opt/arduino-1.8.9/hardware/tools/avr/lib/gcc/avr/5.4.0/include;/opt/arduino-1.8.9/hardware/tools/avr/lib/gcc/avr/5.4.0/include-fixed;/opt/arduino-1.8.9/hardware/tools/avr/avr/include]


Parsed CXX implicit link information from above output:
  link line regex: [^( *|.*[/\])(avr-ld|CMAKE_LINK_STARTFILE-NOTFOUND|([^/\]+-)?ld|collect2)[^/\]*( |$)]
  ignore line: [Change Dir: /home/vagrant/src/sterling/HopesAndDreams/CMakeFiles/CMakeTmp]
  ignore line: []
  ignore line: [Run Build Command(s):/usr/bin/make cmTC_cf6f1/fast && /usr/bin/make -f CMakeFiles/cmTC_cf6f1.dir/build.make CMakeFiles/cmTC_cf6f1.dir/build]
  ignore line: [make[1]: Entering directory '/home/vagrant/src/sterling/HopesAndDreams/CMakeFiles/CMakeTmp']
  ignore line: [Building CXX object CMakeFiles/cmTC_cf6f1.dir/CMakeCXXCompilerABI.cpp.obj]
  ignore line: [/opt/arduino-1.8.9/hardware/tools/avr/bin/avr-g++ -c /usr/share/cmake-3.15/Modules/CMakeCXXCompilerABI.cpp -o CMakeFiles/cmTC_cf6f1.dir/CMakeCXXCompilerABI.cpp.obj -mmcu=atmega2560  -Wall -g -Os -MMD -ffunction-sections -fdata-sections -DF_CPU=16000000 -DARDUINO=10805 -std=gnu++11 -fno-exceptions -fpermissive -fno-rtti -felide-constructors -Wno-error=narrowing    -v ]
  ignore line: [Using built-in specs.]
  ignore line: [Reading specs from /opt/arduino-1.8.9/hardware/tools/avr/bin/../lib/gcc/avr/5.4.0/device-specs/specs-atmega2560]
  ignore line: [COLLECT_GCC=/opt/arduino-1.8.9/hardware/tools/avr/bin/avr-g++]
  ignore line: [Target: avr]
  ignore line: [Configured with: ../gcc/configure --enable-fixed-point --enable-languages=c,c++ --prefix=/home/jenkins/workspace/avr-gcc-staging/label/debian7-x86_64/objdir --disable-nls --disable-libssp --disable-libada --disable-shared --with-avrlibc=yes --with-dwarf2 --disable-doc --target=avr]
  ignore line: [Thread model: single]
  ignore line: [gcc version 5.4.0 (GCC) ]
  ignore line: [COLLECT_GCC_OPTIONS='-c' '-o' 'CMakeFiles/cmTC_cf6f1.dir/CMakeCXXCompilerABI.cpp.obj'  '-Wall' '-g' '-Os' '-MMD' '-ffunction-sections' '-fdata-sections' '-D' 'F_CPU=16000000' '-D' 'ARDUINO=10805' '-std=gnu++11' '-fno-exceptions' '-fpermissive' '-fno-rtti' '-felide-constructors' '-Wno-error=narrowing' '-v' '-specs=device-specs/specs-atmega2560' '-mmcu=avr6']
  ignore line: [ /opt/arduino-1.8.9/hardware/tools/avr/bin/../libexec/gcc/avr/5.4.0/cc1plus -quiet -v -imultilib avr6 -iprefix /opt/arduino-1.8.9/hardware/tools/avr/bin/../lib/gcc/avr/5.4.0/ -MMD CMakeFiles/cmTC_cf6f1.dir/CMakeCXXCompilerABI.cpp.d -MQ CMakeFiles/cmTC_cf6f1.dir/CMakeCXXCompilerABI.cpp.obj -D__AVR_ATmega2560__ -D__AVR_DEVICE_NAME__=atmega2560 -D F_CPU=16000000 -D ARDUINO=10805 /usr/share/cmake-3.15/Modules/CMakeCXXCompilerABI.cpp -mn-flash=4 -mno-skip-bug -quiet -dumpbase CMakeCXXCompilerABI.cpp -mmcu=avr6 -auxbase-strip CMakeFiles/cmTC_cf6f1.dir/CMakeCXXCompilerABI.cpp.obj -g -Os -Wall -Wno-error=narrowing -std=gnu++11 -version -ffunction-sections -fdata-sections -fno-exceptions -fpermissive -fno-rtti -felide-constructors -mn-flash=4 -mno-skip-bug -fno-rtti -fno-enforce-eh-specs -fno-exceptions -o /tmp/ccuH4r72.s]
  ignore line: [GNU C++11 (GCC) version 5.4.0 (avr)]
  ignore line: [	compiled by GNU C version 4.7.2, GMP version 5.0.2, MPFR version 3.0.0, MPC version 0.9]
  ignore line: [GGC heuristics: --param ggc-min-expand=100 --param ggc-min-heapsize=131072]
  ignore line: [ignoring nonexistent directory "/opt/arduino-1.8.9/hardware/tools/avr/bin/../lib/gcc/avr/5.4.0/../../../../avr/include/c++/5.4.0"]
  ignore line: [ignoring nonexistent directory "/opt/arduino-1.8.9/hardware/tools/avr/bin/../lib/gcc/avr/5.4.0/../../../../avr/include/c++/5.4.0/avr/avr6"]
  ignore line: [ignoring nonexistent directory "/opt/arduino-1.8.9/hardware/tools/avr/bin/../lib/gcc/avr/5.4.0/../../../../avr/include/c++/5.4.0/backward"]
  ignore line: [ignoring nonexistent directory "/opt/arduino-1.8.9/hardware/tools/avr/bin/../lib/gcc/avr/5.4.0/../../../../avr/sys-include"]
  ignore line: [ignoring nonexistent directory "/opt/arduino-1.8.9/hardware/tools/avr/bin/../lib/gcc/../../lib/gcc/avr/5.4.0/../../../../avr/include/c++/5.4.0"]
  ignore line: [ignoring nonexistent directory "/opt/arduino-1.8.9/hardware/tools/avr/bin/../lib/gcc/../../lib/gcc/avr/5.4.0/../../../../avr/include/c++/5.4.0/avr/avr6"]
  ignore line: [ignoring nonexistent directory "/opt/arduino-1.8.9/hardware/tools/avr/bin/../lib/gcc/../../lib/gcc/avr/5.4.0/../../../../avr/include/c++/5.4.0/backward"]
  ignore line: [ignoring duplicate directory "/opt/arduino-1.8.9/hardware/tools/avr/bin/../lib/gcc/../../lib/gcc/avr/5.4.0/include"]
  ignore line: [ignoring duplicate directory "/opt/arduino-1.8.9/hardware/tools/avr/bin/../lib/gcc/../../lib/gcc/avr/5.4.0/include-fixed"]
  ignore line: [ignoring nonexistent directory "/opt/arduino-1.8.9/hardware/tools/avr/bin/../lib/gcc/../../lib/gcc/avr/5.4.0/../../../../avr/sys-include"]
  ignore line: [ignoring duplicate directory "/opt/arduino-1.8.9/hardware/tools/avr/bin/../lib/gcc/../../lib/gcc/avr/5.4.0/../../../../avr/include"]
  ignore line: [#include "..." search starts here:]
  ignore line: [#include <...> search starts here:]
  ignore line: [ /opt/arduino-1.8.9/hardware/tools/avr/bin/../lib/gcc/avr/5.4.0/include]
  ignore line: [ /opt/arduino-1.8.9/hardware/tools/avr/bin/../lib/gcc/avr/5.4.0/include-fixed]
  ignore line: [ /opt/arduino-1.8.9/hardware/tools/avr/bin/../lib/gcc/avr/5.4.0/../../../../avr/include]
  ignore line: [End of search list.]
  ignore line: [GNU C++11 (GCC) version 5.4.0 (avr)]
  ignore line: [	compiled by GNU C version 4.7.2, GMP version 5.0.2, MPFR version 3.0.0, MPC version 0.9]
  ignore line: [GGC heuristics: --param ggc-min-expand=100 --param ggc-min-heapsize=131072]
  ignore line: [Compiler executable checksum: 2807235df8e4e1c1f4596ebd9fe8926b]
  ignore line: [COLLECT_GCC_OPTIONS='-c' '-o' 'CMakeFiles/cmTC_cf6f1.dir/CMakeCXXCompilerABI.cpp.obj'  '-Wall' '-g' '-Os' '-MMD' '-ffunction-sections' '-fdata-sections' '-D' 'F_CPU=16000000' '-D' 'ARDUINO=10805' '-std=gnu++11' '-fno-exceptions' '-fpermissive' '-fno-rtti' '-felide-constructors' '-Wno-error=narrowing' '-v' '-specs=device-specs/specs-atmega2560' '-mmcu=avr6']
  ignore line: [ /opt/arduino-1.8.9/hardware/tools/avr/bin/../lib/gcc/avr/5.4.0/../../../../avr/bin/as -mmcu=avr6 -mno-skip-bug -o CMakeFiles/cmTC_cf6f1.dir/CMakeCXXCompilerABI.cpp.obj /tmp/ccuH4r72.s]
  ignore line: [COMPILER_PATH=/opt/arduino-1.8.9/hardware/tools/avr/bin/../libexec/gcc/avr/5.4.0/:/opt/arduino-1.8.9/hardware/tools/avr/bin/../libexec/gcc/:/opt/arduino-1.8.9/hardware/tools/avr/bin/../lib/gcc/avr/5.4.0/../../../../avr/bin/]
  ignore line: [LIBRARY_PATH=/opt/arduino-1.8.9/hardware/tools/avr/bin/../lib/gcc/avr/5.4.0/avr6/:/opt/arduino-1.8.9/hardware/tools/avr/bin/../lib/gcc/avr/5.4.0/../../../../avr/lib/avr6/:/opt/arduino-1.8.9/hardware/tools/avr/bin/../lib/gcc/avr/5.4.0/:/opt/arduino-1.8.9/hardware/tools/avr/bin/../lib/gcc/:/opt/arduino-1.8.9/hardware/tools/avr/bin/../lib/gcc/avr/5.4.0/../../../../avr/lib/]
  ignore line: [COLLECT_GCC_OPTIONS='-c' '-o' 'CMakeFiles/cmTC_cf6f1.dir/CMakeCXXCompilerABI.cpp.obj'  '-Wall' '-g' '-Os' '-MMD' '-ffunction-sections' '-fdata-sections' '-D' 'F_CPU=16000000' '-D' 'ARDUINO=10805' '-std=gnu++11' '-fno-exceptions' '-fpermissive' '-fno-rtti' '-felide-constructors' '-Wno-error=narrowing' '-v' '-specs=device-specs/specs-atmega2560' '-mmcu=avr6']
  ignore line: [Linking CXX static library libcmTC_cf6f1.a]
  ignore line: [/usr/bin/cmake -P CMakeFiles/cmTC_cf6f1.dir/cmake_clean_target.cmake]
  ignore line: [/usr/bin/cmake -E cmake_link_script CMakeFiles/cmTC_cf6f1.dir/link.txt --verbose=1]
  ignore line: [/opt/arduino-1.8.9/hardware/tools/avr/bin/avr-gcc-ar qc libcmTC_cf6f1.a  CMakeFiles/cmTC_cf6f1.dir/CMakeCXXCompilerABI.cpp.obj]
  ignore line: [/opt/arduino-1.8.9/hardware/tools/avr/bin/avr-gcc-ranlib libcmTC_cf6f1.a]
  ignore line: [make[1]: Leaving directory '/home/vagrant/src/sterling/HopesAndDreams/CMakeFiles/CMakeTmp']
  ignore line: []
  ignore line: []
  implicit libs: []
  implicit dirs: []
  implicit fwks: []


