Determining if the pthread_create exist failed with the following output:
Change Dir: /home/vagrant/src/fprime/Ref/build/CMakeFiles/CMakeTmp

Run Build Command:"/usr/bin/make" "cmTC_9b716/fast"
make: Warning: File 'Makefile' has modification time 1.8 s in the future
/usr/bin/make -f CMakeFiles/cmTC_9b716.dir/build.make CMakeFiles/cmTC_9b716.dir/build
make[1]: Entering directory '/home/vagrant/src/fprime/Ref/build/CMakeFiles/CMakeTmp'
make[1]: Warning: File 'CMakeFiles/cmTC_9b716.dir/flags.make' has modification time 1.8 s in the future
Building C object CMakeFiles/cmTC_9b716.dir/CheckSymbolExists.c.o
/usr/bin/cc     -o CMakeFiles/cmTC_9b716.dir/CheckSymbolExists.c.o   -c /home/vagrant/src/fprime/Ref/build/CMakeFiles/CMakeTmp/CheckSymbolExists.c
Linking C executable cmTC_9b716
/usr/bin/cmake -E cmake_link_script CMakeFiles/cmTC_9b716.dir/link.txt --verbose=1
/usr/bin/cc       CMakeFiles/cmTC_9b716.dir/CheckSymbolExists.c.o  -o cmTC_9b716 
CMakeFiles/cmTC_9b716.dir/CheckSymbolExists.c.o: In function `main':
CheckSymbolExists.c:(.text+0x16): undefined reference to `pthread_create'
collect2: error: ld returned 1 exit status
CMakeFiles/cmTC_9b716.dir/build.make:97: recipe for target 'cmTC_9b716' failed
make[1]: *** [cmTC_9b716] Error 1
make[1]: Leaving directory '/home/vagrant/src/fprime/Ref/build/CMakeFiles/CMakeTmp'
Makefile:126: recipe for target 'cmTC_9b716/fast' failed
make: *** [cmTC_9b716/fast] Error 2

File /home/vagrant/src/fprime/Ref/build/CMakeFiles/CMakeTmp/CheckSymbolExists.c:
/* */
#include <pthread.h>

int main(int argc, char** argv)
{
  (void)argv;
#ifndef pthread_create
  return ((int*)(&pthread_create))[argc];
#else
  (void)argc;
  return 0;
#endif
}

Determining if the function pthread_create exists in the pthreads failed with the following output:
Change Dir: /home/vagrant/src/fprime/Ref/build/CMakeFiles/CMakeTmp

Run Build Command:"/usr/bin/make" "cmTC_75160/fast"
make: Warning: File 'Makefile' has modification time 1.8 s in the future
/usr/bin/make -f CMakeFiles/cmTC_75160.dir/build.make CMakeFiles/cmTC_75160.dir/build
make[1]: Entering directory '/home/vagrant/src/fprime/Ref/build/CMakeFiles/CMakeTmp'
make[1]: Warning: File 'CMakeFiles/cmTC_75160.dir/flags.make' has modification time 1.8 s in the future
Building C object CMakeFiles/cmTC_75160.dir/CheckFunctionExists.c.o
/usr/bin/cc    -DCHECK_FUNCTION_EXISTS=pthread_create   -o CMakeFiles/cmTC_75160.dir/CheckFunctionExists.c.o   -c /usr/share/cmake-3.5/Modules/CheckFunctionExists.c
Linking C executable cmTC_75160
/usr/bin/cmake -E cmake_link_script CMakeFiles/cmTC_75160.dir/link.txt --verbose=1
/usr/bin/cc   -DCHECK_FUNCTION_EXISTS=pthread_create    CMakeFiles/cmTC_75160.dir/CheckFunctionExists.c.o  -o cmTC_75160 -lpthreads 
/usr/bin/ld: cannot find -lpthreads
collect2: error: ld returned 1 exit status
CMakeFiles/cmTC_75160.dir/build.make:97: recipe for target 'cmTC_75160' failed
make[1]: *** [cmTC_75160] Error 1
make[1]: Leaving directory '/home/vagrant/src/fprime/Ref/build/CMakeFiles/CMakeTmp'
Makefile:126: recipe for target 'cmTC_75160/fast' failed
make: *** [cmTC_75160/fast] Error 2


